                                 Started job on |	Jan 27 14:39:06
                             Started mapping on |	Jan 27 14:39:06
                                    Finished on |	Jan 27 14:39:24
       Mapping speed, Million of reads per hour |	200.00

                          Number of input reads |	1000000
                      Average input read length |	300
                                    UNIQUE READS:
                   Uniquely mapped reads number |	884235
                        Uniquely mapped reads % |	88.42%
                          Average mapped length |	298.43
                       Number of splices: Total |	28767
            Number of splices: Annotated (sjdb) |	26355
                       Number of splices: GT/AG |	28182
                       Number of splices: GC/AG |	26
                       Number of splices: AT/AC |	1
               Number of splices: Non-canonical |	558
                      Mismatch rate per base, % |	0.33%
                         Deletion rate per base |	0.02%
                        Deletion average length |	1.68
                        Insertion rate per base |	0.01%
                       Insertion average length |	1.48
                             MULTI-MAPPING READS:
        Number of reads mapped to multiple loci |	45427
             % of reads mapped to multiple loci |	4.54%
        Number of reads mapped to too many loci |	4182
             % of reads mapped to too many loci |	0.42%
                                  UNMAPPED READS:
  Number of reads unmapped: too many mismatches |	0
       % of reads unmapped: too many mismatches |	0.00%
            Number of reads unmapped: too short |	66145
                 % of reads unmapped: too short |	6.61%
                Number of reads unmapped: other |	11
                     % of reads unmapped: other |	0.00%
                                  CHIMERIC READS:
                       Number of chimeric reads |	0
                            % of chimeric reads |	0.00%
